<?xml version="1.0" encoding="UTF-8"?>
<!-- Generated by org.testng.reporters.JUnitReportReporter -->
<testsuite hostname="DESKTOP-O213TSE" failures="0" tests="1" name="com.AppiumCalculatorTest.AppTest" time="74.875" errors="0" timestamp="2021-02-11T16:07:18 IST" skipped="0">
  <testcase classname="com.AppiumCalculatorTest.AppTest" name="openCalculator" time="74.875"/>
  <system-out/>
</testsuite> <!-- com.AppiumCalculatorTest.AppTest -->
